2024-03-05 15:28:48,903 : INFO : test_formSubmission : FirstName is: Rauf
2024-03-05 15:28:48,973 : INFO : test_formSubmission : Email is: testste@asdkasdj.co
2024-03-05 15:28:49,299 : INFO : test_formSubmission : Received message from app: ×
Success! The Form has been submitted successfully!.
2024-03-05 15:28:51,666 : INFO : test_formSubmission : FirstName is: RaufTESTTEST
2024-03-05 15:28:51,666 : INFO : test_formSubmission : FirstName is: RaufTESTTEST
2024-03-05 15:28:51,744 : INFO : test_formSubmission : Email is: @asdkasdj.co
2024-03-05 15:28:51,744 : INFO : test_formSubmission : Email is: @asdkasdj.co
2024-03-05 15:28:52,023 : INFO : test_formSubmission : Received message from app: ×
Success! The Form has been submitted successfully!.
2024-03-05 15:28:52,023 : INFO : test_formSubmission : Received message from app: ×
Success! The Form has been submitted successfully!.
2024-03-05 15:44:52,974 : INFO : test_formSubmission : FirstName is: Rauf
2024-03-05 15:44:53,044 : INFO : test_formSubmission : Email is: testste@asdkasdj.co
2024-03-05 15:44:53,373 : INFO : test_formSubmission : Received message from app: ×
Success! The Form has been submitted successfully!.
2024-03-05 15:44:53,615 : INFO : test_formSubmission : FirstName is: RaufTESTTEST
2024-03-05 15:44:53,615 : INFO : test_formSubmission : FirstName is: RaufTESTTEST
2024-03-05 15:44:53,675 : INFO : test_formSubmission : Email is: @asdkasdj.co
2024-03-05 15:44:53,675 : INFO : test_formSubmission : Email is: @asdkasdj.co
2024-03-05 15:44:53,975 : INFO : test_formSubmission : Received message from app: ×
Success! The Form has been submitted successfully!.
2024-03-05 15:44:53,975 : INFO : test_formSubmission : Received message from app: ×
Success! The Form has been submitted successfully!.
2024-03-05 17:41:20,542 : INFO : test_formSubmission : FirstName is: Rauf
2024-03-05 17:41:20,616 : INFO : test_formSubmission : Email is: testste@asdkasdj.co
2024-03-05 17:41:20,945 : INFO : test_formSubmission : Received message from app: ×
Success! The Form has been submitted successfully!.
2024-03-05 17:41:21,238 : INFO : test_formSubmission : FirstName is: RaufTESTTEST
2024-03-05 17:41:21,238 : INFO : test_formSubmission : FirstName is: RaufTESTTEST
2024-03-05 17:41:21,322 : INFO : test_formSubmission : Email is: @asdkasdj.co
2024-03-05 17:41:21,322 : INFO : test_formSubmission : Email is: @asdkasdj.co
2024-03-05 17:41:21,650 : INFO : test_formSubmission : Received message from app: ×
Success! The Form has been submitted successfully!.
2024-03-05 17:41:21,650 : INFO : test_formSubmission : Received message from app: ×
Success! The Form has been submitted successfully!.
2024-03-05 17:41:28,139 : INFO : test_e2e : Getting all card Titles
2024-03-05 17:41:28,165 : INFO : test_e2e : iphone X
2024-03-05 17:41:28,173 : INFO : test_e2e : Samsung Note 8
2024-03-05 17:41:28,181 : INFO : test_e2e : Nokia Edge
2024-03-05 17:41:28,186 : INFO : test_e2e : Blackberry
2024-03-05 17:41:28,342 : INFO : test_e2e : Entering country name
2024-03-05 17:41:46,660 : INFO : test_e2e : received text from app is: ×
Success! Thank you! Your order will be delivered in next few weeks :-).
2024-03-06 09:21:05,149 : INFO : test_formSubmission : FirstName is: Rauf
2024-03-06 09:21:05,247 : INFO : test_formSubmission : Email is: testste@asdkasdj.co
2024-03-06 09:21:06,018 : INFO : test_formSubmission : Received message from app: ×
Success! The Form has been submitted successfully!.
2024-03-06 09:21:06,136 : INFO : test_formSubmission : FirstName is: RaufTESTTEST
2024-03-06 09:21:06,136 : INFO : test_formSubmission : FirstName is: RaufTESTTEST
2024-03-06 09:21:06,151 : INFO : test_formSubmission : Email is: @asdkasdj.co
2024-03-06 09:21:06,151 : INFO : test_formSubmission : Email is: @asdkasdj.co
2024-03-06 09:21:07,078 : INFO : test_formSubmission : Received message from app: ×
Success! The Form has been submitted successfully!.
2024-03-06 09:21:07,078 : INFO : test_formSubmission : Received message from app: ×
Success! The Form has been submitted successfully!.
2024-03-06 09:21:21,729 : INFO : test_e2e : Getting all card Titles
2024-03-06 09:21:21,748 : INFO : test_e2e : iphone X
2024-03-06 09:21:21,761 : INFO : test_e2e : Samsung Note 8
2024-03-06 09:21:21,770 : INFO : test_e2e : Nokia Edge
2024-03-06 09:21:21,785 : INFO : test_e2e : Blackberry
2024-03-06 09:21:22,486 : INFO : test_e2e : Entering country name
2024-03-06 09:21:41,310 : INFO : test_e2e : received text from app is: ×
Success! Thank you! Your order will be delivered in next few weeks :-).
2024-03-06 09:23:09,577 : INFO : test_formSubmission : FirstName is: Rauf
2024-03-06 09:23:09,679 : INFO : test_formSubmission : Email is: testste@asdkasdj.co
2024-03-06 09:23:10,456 : INFO : test_formSubmission : Received message from app: ×
Success! The Form has been submitted successfully!.
2024-03-06 09:23:15,528 : INFO : test_formSubmission : FirstName is: RaufTESTTEST
2024-03-06 09:23:15,528 : INFO : test_formSubmission : FirstName is: RaufTESTTEST
2024-03-06 09:23:15,559 : INFO : test_formSubmission : Email is: @asdkasdj.co
2024-03-06 09:23:15,559 : INFO : test_formSubmission : Email is: @asdkasdj.co
2024-03-06 09:23:16,491 : INFO : test_formSubmission : Received message from app: ×
Success! The Form has been submitted successfully!.
2024-03-06 09:23:16,491 : INFO : test_formSubmission : Received message from app: ×
Success! The Form has been submitted successfully!.
2024-03-06 09:23:34,703 : INFO : test_e2e : Getting all card Titles
2024-03-06 09:23:34,727 : INFO : test_e2e : iphone X
2024-03-06 09:23:34,746 : INFO : test_e2e : Samsung Note 8
2024-03-06 09:23:34,760 : INFO : test_e2e : Nokia Edge
2024-03-06 09:23:34,773 : INFO : test_e2e : Blackberry
2024-03-06 09:23:35,559 : INFO : test_e2e : Entering country name
2024-03-06 09:23:54,725 : INFO : test_e2e : received text from app is: ×
Success! Thank you! Your order will be delivered in next few weeks :-).
2024-03-06 09:46:15,270 : INFO : test_formSubmission : FirstName is: Rauf
2024-03-06 09:46:15,942 : INFO : test_formSubmission : FirstName is: RaufTESTTEST
2024-03-06 09:46:15,942 : INFO : test_formSubmission : FirstName is: RaufTESTTEST
2024-03-06 09:47:35,226 : INFO : test_formSubmission : FirstName is: Rauf
2024-03-06 09:47:35,326 : INFO : test_formSubmission : Email is: testste@asdkasdj.co
2024-03-06 09:47:35,770 : INFO : test_formSubmission : Received message from app: ×
Success! The Form has been submitted successfully!.
2024-03-06 09:47:38,134 : INFO : test_formSubmission : FirstName is: RaufTESTTEST
2024-03-06 09:47:38,134 : INFO : test_formSubmission : FirstName is: RaufTESTTEST
2024-03-06 09:47:38,196 : INFO : test_formSubmission : Email is: @asdkasdj.co
2024-03-06 09:47:38,196 : INFO : test_formSubmission : Email is: @asdkasdj.co
2024-03-06 09:47:38,534 : INFO : test_formSubmission : Received message from app: ×
Success! The Form has been submitted successfully!.
2024-03-06 09:47:38,534 : INFO : test_formSubmission : Received message from app: ×
Success! The Form has been submitted successfully!.
2024-03-06 09:47:47,638 : INFO : test_e2e : Getting all card Titles
2024-03-06 09:47:47,668 : INFO : test_e2e : iphone X
2024-03-06 09:47:47,678 : INFO : test_e2e : Samsung Note 8
2024-03-06 09:47:47,685 : INFO : test_e2e : Nokia Edge
2024-03-06 09:47:47,695 : INFO : test_e2e : Blackberry
2024-03-06 09:47:47,966 : INFO : test_e2e : Entering country name
2024-03-06 09:48:06,238 : INFO : test_e2e : received text from app is: ×
Success! Thank you! Your order will be delivered in next few weeks :-).
2024-03-06 09:58:01,674 : INFO : test_formSubmission : FirstName is: Rauf
2024-03-06 09:58:02,387 : INFO : test_formSubmission : FirstName is: RaufTESTTEST
2024-03-06 09:58:02,387 : INFO : test_formSubmission : FirstName is: RaufTESTTEST
2024-03-06 12:09:45,185 : INFO : test_formSubmission : FirstName is: Rauf
2024-03-06 12:09:45,258 : INFO : test_formSubmission : Email is: testste@asdkasdj.co
2024-03-06 12:09:45,615 : INFO : test_formSubmission : Received message from app: ×
Success! The Form has been submitted successfully!.
2024-03-06 12:09:47,974 : INFO : test_formSubmission : FirstName is: RaufTESTTEST
2024-03-06 12:09:47,974 : INFO : test_formSubmission : FirstName is: RaufTESTTEST
2024-03-06 12:09:48,041 : INFO : test_formSubmission : Email is: @asdkasdj.co
2024-03-06 12:09:48,041 : INFO : test_formSubmission : Email is: @asdkasdj.co
2024-03-06 12:09:48,384 : INFO : test_formSubmission : Received message from app: ×
Success! The Form has been submitted successfully!.
2024-03-06 12:09:48,384 : INFO : test_formSubmission : Received message from app: ×
Success! The Form has been submitted successfully!.
2024-03-06 12:09:57,391 : INFO : test_e2e : Getting all card Titles
2024-03-06 12:09:57,412 : INFO : test_e2e : iphone X
2024-03-06 12:09:57,418 : INFO : test_e2e : Samsung Note 8
2024-03-06 12:09:57,424 : INFO : test_e2e : Nokia Edge
2024-03-06 12:09:57,430 : INFO : test_e2e : Blackberry
2024-03-06 12:09:57,563 : INFO : test_e2e : Entering country name
2024-03-06 12:10:15,921 : INFO : test_e2e : received text from app is: ×
Success! Thank you! Your order will be delivered in next few weeks :-).
2024-03-07 14:01:10,733 : INFO : test_formSubmission : FirstName is: RaufTest1110
2024-03-07 14:01:10,815 : INFO : test_formSubmission : Email is: Rauf.@esadsadmaillsld.cassac
2024-03-07 14:01:18,249 : INFO : test_e2e : Getting all card Titles
2024-03-07 14:01:18,283 : INFO : test_e2e : iphone X
2024-03-07 14:01:18,290 : INFO : test_e2e : Samsung Note 8
2024-03-07 14:01:18,297 : INFO : test_e2e : Nokia Edge
2024-03-07 14:01:18,303 : INFO : test_e2e : Blackberry
2024-03-07 14:01:18,473 : INFO : test_e2e : Entering country name
2024-03-07 14:01:23,784 : INFO : test_e2e : received text from app is: ×
Success! Thank you! Your order will be delivered in next few weeks :-).
2024-03-07 14:03:10,651 : INFO : test_formSubmission : FirstName is: RaufTest1110
2024-03-07 14:03:10,736 : INFO : test_formSubmission : Email is: Rauf.@esadsadmaillsld.cassac
2024-03-07 14:03:11,138 : INFO : test_formSubmission : Received message from app: ×
Success! The Form has been submitted successfully!.
2024-03-07 14:03:19,950 : INFO : test_e2e : Getting all card Titles
2024-03-07 14:03:19,974 : INFO : test_e2e : iphone X
2024-03-07 14:03:19,981 : INFO : test_e2e : Samsung Note 8
2024-03-07 14:03:19,988 : INFO : test_e2e : Nokia Edge
2024-03-07 14:03:19,998 : INFO : test_e2e : Blackberry
2024-03-07 14:03:20,226 : INFO : test_e2e : Entering country name
2024-03-07 14:03:25,458 : INFO : test_e2e : received text from app is: ×
Success! Thank you! Your order will be delivered in next few weeks :-).
